
[32m
                             _   _
                            (_) | |
      __ _   _ __   __   __  _  | |
     / _` | | '_ \  \ \ / / | | | |
    | (_| | | | | |  \ V /  | | | |
     \__,_| |_| |_|   \_/   |_| |_|
[0m
    0.2.0 (f479e94 2024-06-01T00:19:17.414742000Z)
    [32mhttps://github.com/foundry-rs/foundry[0m

Available Accounts
==================

(0) 0xf39Fd6e51aad88F6F4ce6aB8827279cffFb92266 (10000.000000000000000000 ETH)
(1) 0x70997970C51812dc3A010C7d01b50e0d17dc79C8 (10000.000000000000000000 ETH)
(2) 0x3C44CdDdB6a900fa2b585dd299e03d12FA4293BC (10000.000000000000000000 ETH)
(3) 0x90F79bf6EB2c4f870365E785982E1f101E93b906 (10000.000000000000000000 ETH)
(4) 0x15d34AAf54267DB7D7c367839AAf71A00a2C6A65 (10000.000000000000000000 ETH)
(5) 0x9965507D1a55bcC2695C58ba16FB37d819B0A4dc (10000.000000000000000000 ETH)
(6) 0x976EA74026E726554dB657fA54763abd0C3a0aa9 (10000.000000000000000000 ETH)
(7) 0x14dC79964da2C08b23698B3D3cc7Ca32193d9955 (10000.000000000000000000 ETH)
(8) 0x23618e81E3f5cdF7f54C3d65f7FBc0aBf5B21E8f (10000.000000000000000000 ETH)
(9) 0xa0Ee7A142d267C1f36714E4a8F75612F20a79720 (10000.000000000000000000 ETH)

Private Keys
==================

(0) 0xac0974bec39a17e36ba4a6b4d238ff944bacb478cbed5efcae784d7bf4f2ff80
(1) 0x59c6995e998f97a5a0044966f0945389dc9e86dae88c7a8412f4603b6b78690d
(2) 0x5de4111afa1a4b94908f83103eb1f1706367c2e68ca870fc3fb9a804cdab365a
(3) 0x7c852118294e51e653712a81e05800f419141751be58f605c371e15141b007a6
(4) 0x47e179ec197488593b187f80a00eb0da91f1b9d0b13f8733639f19c30a34926a
(5) 0x8b3a350cf5c34c9194ca85829a2df0ec3153be0318b5e2d3348e872092edffba
(6) 0x92db14e403b83dfe3df233f83dfa3a0d7096f21ca9b0d6d6b8d88b2b4ec1564e
(7) 0x4bbbf85ce3377467afe5d46f804f221813b2bb87f24d81f60f1fcdbf7cbf4356
(8) 0xdbda1821b80551c9d65939329250298aa3472ba22feea921c0cf5d620ea67b97
(9) 0x2a871d0798f97d79848a013d4936a73bf4cc922c825d33c1cf7073dff6d409c6

Wallet
==================
Mnemonic:          test test test test test test test test test test test junk
Derivation path:   m/44'/60'/0'/0/


Chain ID
==================

[32m31337[0m

Base Fee
==================

[32m1000000000[0m

Gas Limit
==================

[32m30000000[0m

Genesis Timestamp
==================

[32m1717251800[0m

Listening on 127.0.0.1:8545

    Block Number: 1
    Block Hash: 0xfe10aaa3edbce250194370fefbc185cfabccff0af61c88547539d2f746f67bae
    Block Time: "Sat, 1 Jun 2024 14:23:22 +0000"


    Block Number: 2
    Block Hash: 0xaa86f57c3833345cab14db7f4c85df87b695b840d2e03ec926bff7ac6e60c0e9
    Block Time: "Sat, 1 Jun 2024 14:23:24 +0000"

eth_getTransactionCount
eth_getCode
eth_blockNumber
eth_chainId
eth_getBlockByNumber
eth_gasPrice
eth_blockNumber
eth_chainId
eth_getBlockByNumber
eth_gasPrice
eth_getBalance
eth_getCode
eth_getTransactionCount
eth_getTransactionCount
eth_getBalance
eth_getCode
eth_getCode
eth_getBalance
eth_getTransactionCount
eth_getCode
eth_getTransactionCount
eth_getBalance
eth_getCode
eth_getTransactionCount
eth_getBalance
eth_getCode
eth_getTransactionCount
eth_getBalance
eth_getCode
eth_getTransactionCount
eth_getBalance
eth_getCode
eth_getTransactionCount
eth_getBalance
eth_chainId
eth_chainId
eth_blockNumber
eth_chainId
eth_getBlockByNumber
eth_gasPrice
eth_chainId
eth_feeHistory
eth_feeHistory
eth_sendRawTransaction
eth_sendRawTransaction
eth_sendRawTransaction
eth_getTransactionReceipt
eth_getTransactionReceipt
eth_getTransactionReceipt
eth_blockNumber
eth_getBlockByNumber
eth_getTransactionReceipt
eth_getTransactionReceipt
eth_getTransactionReceipt
eth_getTransactionReceipt
eth_blockNumber
eth_getTransactionReceipt
eth_getTransactionReceipt

    Transaction: 0xb51996c5791a2fa8e386c795133431c864fe80158b860544f6c26fa2f88558cb
    Contract created: 0x5fbdb2315678afecb367f032d93f642f64180aa3
    Gas used: 212222

    Transaction: 0x49dcd2bf56d5d2ca92226bdaaf8de4acc78ed6829a127347c8325c290a3c713c
    Contract created: 0xe7f1725e7734ce288f8367e1bb143e90bb3f0512
    Gas used: 572786

    Transaction: 0x45cd09f2a8015193854eeab80c28619244e73682697cc2c482328047c44c22f6
    Contract created: 0x9fe46736679d2d9a65f0992f2272de9f3c7fa6e0
    Gas used: 929885

    Block Number: 3
    Block Hash: 0x82450f3275f977a741df8dab849bab8f2c40f245c0abf04b6ddb0088af9cc5de
    Block Time: "Sat, 1 Jun 2024 14:23:26 +0000"

eth_getTransactionReceipt
eth_getTransactionReceipt
eth_getTransactionReceipt
eth_blockNumber
eth_getBlockByNumber

    Block Number: 4
    Block Hash: 0x7fc46cd9a16502d1f779dd52d3914df45c34f6d98b32ccd08eebc3fef8b0a6f3
    Block Time: "Sat, 1 Jun 2024 14:23:28 +0000"

eth_getBlockByNumber
eth_getBlockByNumber

    Block Number: 5
    Block Hash: 0x9f6b366a12f415e63eb5f0c38124962d5ae6cf65db56fd7e3c48b7a531800ece
    Block Time: "Sat, 1 Jun 2024 14:23:30 +0000"

eth_getBlockByNumber
eth_chainId
eth_getBlockByNumber
eth_getTransactionCount
eth_getBlockByNumber
eth_estimateGas
eth_sendRawTransaction
eth_getBlockByNumber
eth_getBlockByNumber

    Transaction: 0x12bd9c2db80643bcb7b7b23dddde385dc4c95e03788b75f89084f7d1c36f1060
    Gas used: 50292

    Block Number: 6
    Block Hash: 0xdcc650979e5ffb658261b6214f8033b1fe60c2daaf6f6a61ae4e955861851490
    Block Time: "Sat, 1 Jun 2024 14:23:32 +0000"

eth_getBlockByNumber
eth_chainId
eth_getTransactionCount
eth_getBlockByNumber
eth_estimateGas
eth_sendRawTransaction
eth_call
eth_getBlockByNumber
eth_getBlockByNumber
eth_getBlockByNumber

    Transaction: 0x75762bfd04c1f0d3369cba355e1c05aec89bbcddb62f0bd731e2769db30df3de
    Gas used: 50292

    Block Number: 7
    Block Hash: 0x82280a4328683777f134f8e89c2aa8a6643a9427664344c290d009fbe154990b
    Block Time: "Sat, 1 Jun 2024 14:23:34 +0000"

eth_chainId
eth_getTransactionCount
eth_getBlockByNumber
eth_estimateGas
eth_sendRawTransaction
eth_getBlockByNumber
eth_chainId
eth_getTransactionCount
eth_getBlockByNumber
eth_estimateGas
eth_sendRawTransaction
eth_call
eth_getBlockByNumber
eth_getBlockByNumber
eth_chainId
eth_getTransactionCount
eth_getBlockByNumber
eth_estimateGas
eth_sendRawTransaction
eth_getBlockByNumber

    Transaction: 0x6da144cba5ae5708f008f97340918109d7df6a5e37196b08fe35f86e9c825345
    Gas used: 67922

    Transaction: 0xbaa983912393effe1a11cd443968db3aa56ef3f55640a2742ca809391f642277
    Gas used: 118214

    Transaction: 0xcc5772996b69589c35aae4712d1ed06ccc6de5b246141c17f8e4076481885f8b
    Gas used: 186136

    Block Number: 8
    Block Hash: 0x67177c50b0f937442019fbb6619c03a7ebaa633cf1ba118650b36e3196f241a4
    Block Time: "Sat, 1 Jun 2024 14:23:36 +0000"

eth_call
eth_getBlockByNumber
eth_chainId
eth_getTransactionCount
eth_getBlockByNumber
eth_estimateGas
eth_sendRawTransaction
eth_call
eth_getBlockByNumber
eth_getBlockByNumber
eth_call
eth_getBlockByNumber

    Transaction: 0xb8e9ce221bc1f66a8ec2dea9de4787c05c481ffa85f47bac3ba64a8042361e75
    Gas used: 33192

    Block Number: 9
    Block Hash: 0xecaa451c9488fbf038adbf7427fdfcc51ca99feeea746848c0734247bb67da3a
    Block Time: "Sat, 1 Jun 2024 14:23:38 +0000"

eth_getBlockByNumber
eth_chainId
eth_getTransactionCount
eth_getBlockByNumber
eth_estimateGas
eth_sendRawTransaction
eth_chainId
eth_getTransactionCount
eth_getBlockByNumber
eth_estimateGas
eth_sendRawTransaction
eth_call
eth_getBlockByNumber
eth_getBlockByNumber
eth_getBlockByNumber

    Transaction: 0x7b9467398e96282033c8b771856144995d57196e6dfe19e64ca8fd021a060576
    Gas used: 67910

    Transaction: 0x7e171a6079d39713ee9970af1cbb9a7c224a104b2a7b74b67891ac0fddffdfa3
    Gas used: 118202

    Block Number: 10
    Block Hash: 0xed557b2333a0359da552f385ce69b6a0fad6580065cd838888263adb7d35a808
    Block Time: "Sat, 1 Jun 2024 14:23:40 +0000"

eth_getBlockByNumber
eth_call
eth_chainId
eth_getTransactionCount
eth_getBlockByNumber
eth_estimateGas
eth_sendRawTransaction
eth_call
eth_getBlockByNumber
eth_getBlockByNumber
eth_chainId
eth_getTransactionCount
eth_getBlockByNumber
eth_estimateGas
eth_sendRawTransaction
eth_getBlockByNumber

    Transaction: 0x8c31de0f78330a5aa218bea032a75b3db66bb15233f331b7094db328d0876d66
    Gas used: 50292

    Transaction: 0x6062b4524101c6e3ad4abd318b75296b99573447e46dcba0bda909c9f9469ba9
    Gas used: 118214

    Block Number: 11
    Block Hash: 0xfdcaa074a1752d498fe3aebe40cdf9d462b492d6e6fc50727f06191c3ffa67cf
    Block Time: "Sat, 1 Jun 2024 14:23:42 +0000"

eth_getBlockByNumber
eth_chainId
eth_getTransactionCount
eth_getBlockByNumber
eth_estimateGas
eth_sendRawTransaction
eth_call
eth_getBlockByNumber
eth_getBlockByNumber
eth_call
eth_getBlockByNumber

    Transaction: 0x67852f6373232abe0be0501c92be5996cb9e11d0f590520759e8aa1fcba47dd9
    Gas used: 33192

    Block Number: 12
    Block Hash: 0xbf082454c36ee7d12bbaa38d4dcd2d4f3c55f47073f6bc359dc9c98c1c0915d0
    Block Time: "Sat, 1 Jun 2024 14:23:44 +0000"

eth_getBlockByNumber
eth_chainId
eth_getTransactionCount
eth_getBlockByNumber
eth_estimateGas
eth_sendRawTransaction
eth_chainId
eth_getTransactionCount
eth_getBlockByNumber
eth_estimateGas
eth_sendRawTransaction
eth_call
eth_getBlockByNumber
eth_getBlockByNumber
eth_getBlockByNumber

    Transaction: 0x3b7a8e7234579346202a419f8a198f9f466b0a6b4fa5e06c5d12139c3dfc3cb0
    Gas used: 67922

    Transaction: 0xcf493d2cb0f81215cc3db59b4225d597232073696d77bb7920dbfe104d9fba70
    Gas used: 118214

    Block Number: 13
    Block Hash: 0x5b5a9dfb64e96d152c4964561de3cb7880dd20aacd1835631bc591cdad1954c1
    Block Time: "Sat, 1 Jun 2024 14:23:46 +0000"

eth_getBlockByNumber
eth_call
eth_chainId
eth_getTransactionCount
eth_getBlockByNumber
eth_estimateGas
eth_sendRawTransaction
eth_call
eth_getBlockByNumber
eth_getBlockByNumber
eth_chainId
eth_getTransactionCount
eth_getBlockByNumber
eth_estimateGas
eth_sendRawTransaction
eth_getBlockByNumber

    Transaction: 0xc5a044974b55adedf0d852ed98590c8c94ab8033b91679e3b4d41e8ce5bab77b
    Gas used: 50292

    Transaction: 0x330b2721f01c3ec1f18e5dcf2dc6304f5f8c46e50f03079f19268c742c269588
    Gas used: 118214

    Block Number: 14
    Block Hash: 0xa8a9b0f08fd723396bf7c61914e2fa9ce2e23efed179aa0030bd0452a8eb866c
    Block Time: "Sat, 1 Jun 2024 14:23:48 +0000"

eth_getBlockByNumber
eth_chainId
eth_getTransactionCount
eth_getBlockByNumber
eth_estimateGas
eth_sendRawTransaction
eth_chainId
eth_getTransactionCount
eth_getBlockByNumber
eth_estimateGas
eth_sendRawTransaction
eth_call
eth_getBlockByNumber
eth_chainId
eth_getTransactionCount
eth_getBlockByNumber
eth_estimateGas
eth_getBlockByNumber
eth_chainId
eth_getTransactionCount
eth_getBlockByNumber
eth_estimateGas
eth_call
eth_getBlockByNumber
eth_chainId
eth_getTransactionCount
eth_getBlockByNumber
eth_estimateGas

    Transaction: 0xac984350c7d1519bc042328d3be913325fe47e589257efc24b65d906bc9ddf8d
    Gas used: 70218

    Transaction: 0xfc795e9e91d1877dd549f85d4db58bbe1862902490cfd6ee4a0afe5e50e2b9de
    Gas used: 103410

    Block Number: 15
    Block Hash: 0x4e48fcf1bcc448128b85d1e1f16b68e087763d9b11f8523312da9ae855a3ad49
    Block Time: "Sat, 1 Jun 2024 14:23:50 +0000"

eth_chainId
eth_getBlockByNumber
eth_getTransactionCount
eth_getBlockByNumber
eth_estimateGas
eth_sendRawTransaction
